============================= test session starts ==============================
platform darwin -- Python 3.14.6, pytest-9.1.1, pluggy-1.6.0
rootdir: /Users/ryuwon/Desktop/ryuwon-project/llm-gateway-research/references/overlaat
configfile: pyproject.toml
asyncio: mode=Mode.AUTO, debug=False, asyncio_default_fixture_loop_scope=None, asyncio_default_test_loop_scope=function
collected 57 items

tests/test_scheduler.py ...................................              [ 61%]
tests/test_queue_behavior.py ......................                      [100%]

- generated xml file: /Users/ryuwon/Desktop/ryuwon-project/llm-gateway-research/evidence/reference-tests/overlaat/scheduler-and-queue.xml -
============================== 57 passed in 1.77s ==============================
